# JRE version: Java(TM) SE Runtime Environment (8.0_121-b13) (build 1.8.0_121-b13)
# Java VM: Java HotSpot(TM) Client VM (25.121-b13 mixed mode windows-x86 )
Heap:
 def new generation   total 27840K, used 3072K [0x03c00000, 0x05a30000, 0x19150000)
  eden space 24768K,   0% used [0x03c00000, 0x03c00000, 0x05430000)
  from space 3072K, 100% used [0x05430000, 0x05730000, 0x05730000)
  to   space 3072K,   0% used [0x05730000, 0x05730000, 0x05a30000)
 tenured generation   total 63820K, used 63717K [0x19150000, 0x1cfa3000, 0x43c00000)
   the space 63820K,  99% used [0x19150000, 0x1cf895c0, 0x1cf89600, 0x1cfa3000)
 Metaspace       used 39351K, capacity 41009K, committed 41088K, reserved 41344K
GC Heap History (10 events):
Event: 2839.514 GC heap after
Heap after GC invocations=202 (full 8):
 def new generation   total 27840K, used 1697K [0x03c00000, 0x05a30000, 0x19150000)
  eden space 24768K,   0% used [0x03c00000, 0x03c00000, 0x05430000)
  from space 3072K,  55% used [0x05730000, 0x058d85d8, 0x05a30000)
  to   space 3072K,   0% used [0x05430000, 0x05430000, 0x05730000)
 tenured generation   total 61644K, used 48826K [0x19150000, 0x1cd83000, 0x43c00000)
   the space 61644K,  79% used [0x19150000, 0x1c0fead8, 0x1c0fec00, 0x1cd83000)
 Metaspace       used 39318K, capacity 40944K, committed 40960K, reserved 41344K
}
Event: 2841.410 GC heap before
{Heap before GC invocations=202 (full 8):
 def new generation   total 27840K, used 26465K [0x03c00000, 0x05a30000, 0x19150000)
  eden space 24768K, 100% used [0x03c00000, 0x05430000, 0x05430000)
  from space 3072K,  55% used [0x05730000, 0x058d85d8, 0x05a30000)
  to   space 3072K,   0% used [0x05430000, 0x05430000, 0x05730000)
 tenured generation   total 61644K, used 48826K [0x19150000, 0x1cd83000, 0x43c00000)
   the space 61644K,  79% used [0x19150000, 0x1c0fead8, 0x1c0fec00, 0x1cd83000)
 Metaspace       used 39328K, capacity 40959K, committed 40960K, reserved 41344K
Event: 2841.499 GC heap after
Heap after GC invocations=203 (full 8):
 def new generation   total 27840K, used 1968K [0x03c00000, 0x05a30000, 0x19150000)
  eden space 24768K,   0% used [0x03c00000, 0x03c00000, 0x05430000)
  from space 3072K,  64% used [0x05430000, 0x0561c208, 0x05730000)
  to   space 3072K,   0% used [0x05730000, 0x05730000, 0x05a30000)
 tenured generation   total 61644K, used 49328K [0x19150000, 0x1cd83000, 0x43c00000)
   the space 61644K,  80% used [0x19150000, 0x1c17c2c0, 0x1c17c400, 0x1cd83000)
 Metaspace       used 39328K, capacity 40959K, committed 40960K, reserved 41344K
}
Event: 2843.622 GC heap before
{Heap before GC invocations=203 (full 8):
 def new generation   total 27840K, used 26736K [0x03c00000, 0x05a30000, 0x19150000)
  eden space 24768K, 100% used [0x03c00000, 0x05430000, 0x05430000)
  from space 3072K,  64% used [0x05430000, 0x0561c208, 0x05730000)
  to   space 3072K,   0% used [0x05730000, 0x05730000, 0x05a30000)
 tenured generation   total 61644K, used 49328K [0x19150000, 0x1cd83000, 0x43c00000)
   the space 61644K,  80% used [0x19150000, 0x1c17c2c0, 0x1c17c400, 0x1cd83000)
 Metaspace       used 39341K, capacity 40987K, committed 41088K, reserved 41344K
Event: 2843.666 GC heap after
Heap after GC invocations=204 (full 8):
 def new generation   total 27840K, used 2588K [0x03c00000, 0x05a30000, 0x19150000)
  eden space 24768K,   0% used [0x03c00000, 0x03c00000, 0x05430000)
  from space 3072K,  84% used [0x05730000, 0x059b7210, 0x05a30000)
  to   space 3072K,   0% used [0x05430000, 0x05430000, 0x05730000)
 tenured generation   total 61644K, used 50247K [0x19150000, 0x1cd83000, 0x43c00000)
   the space 61644K,  81% used [0x19150000, 0x1c261e58, 0x1c262000, 0x1cd83000)
 Metaspace       used 39341K, capacity 40987K, committed 41088K, reserved 41344K
}
Event: 2848.963 GC heap before
{Heap before GC invocations=204 (full 8):
 def new generation   total 27840K, used 27356K [0x03c00000, 0x05a30000, 0x19150000)
  eden space 24768K, 100% used [0x03c00000, 0x05430000, 0x05430000)
  from space 3072K,  84% used [0x05730000, 0x059b7210, 0x05a30000)
  to   space 3072K,   0% used [0x05430000, 0x05430000, 0x05730000)
 tenured generation   total 61644K, used 50247K [0x19150000, 0x1cd83000, 0x43c00000)
   the space 61644K,  81% used [0x19150000, 0x1c261e58, 0x1c262000, 0x1cd83000)
 Metaspace       used 39344K, capacity 40992K, committed 41088K, reserved 41344K
Event: 2849.050 GC heap after
Heap after GC invocations=205 (full 8):
 def new generation   total 27840K, used 3072K [0x03c00000, 0x05a30000, 0x19150000)
  eden space 24768K,   0% used [0x03c00000, 0x03c00000, 0x05430000)
  from space 3072K, 100% used [0x05430000, 0x05730000, 0x05730000)
  to   space 3072K,   0% used [0x05730000, 0x05730000, 0x05a30000)
 tenured generation   total 61644K, used 53655K [0x19150000, 0x1cd83000, 0x43c00000)
   the space 61644K,  87% used [0x19150000, 0x1c5b5f48, 0x1c5b6000, 0x1cd83000)
 Metaspace       used 39344K, capacity 40992K, committed 41088K, reserved 41344K
}
Event: 2850.575 GC heap before
{Heap before GC invocations=205 (full 8):
 def new generation   total 27840K, used 27840K [0x03c00000, 0x05a30000, 0x19150000)
  eden space 24768K, 100% used [0x03c00000, 0x05430000, 0x05430000)
  from space 3072K, 100% used [0x05430000, 0x05730000, 0x05730000)
  to   space 3072K,   0% used [0x05730000, 0x05730000, 0x05a30000)
 tenured generation   total 61644K, used 53655K [0x19150000, 0x1cd83000, 0x43c00000)
   the space 61644K,  87% used [0x19150000, 0x1c5b5f48, 0x1c5b6000, 0x1cd83000)
 Metaspace       used 39344K, capacity 40992K, committed 41088K, reserved 41344K
Event: 2850.685 GC heap after
Heap after GC invocations=206 (full 8):
 def new generation   total 27840K, used 3072K [0x03c00000, 0x05a30000, 0x19150000)
  eden space 24768K,   0% used [0x03c00000, 0x03c00000, 0x05430000)
  from space 3072K, 100% used [0x05730000, 0x05a30000, 0x05a30000)
  to   space 3072K,   0% used [0x05430000, 0x05430000, 0x05730000)
 tenured generation   total 61644K, used 59502K [0x19150000, 0x1cd83000, 0x43c00000)
   the space 61644K,  96% used [0x19150000, 0x1cb6b9a0, 0x1cb6ba00, 0x1cd83000)
 Metaspace       used 39344K, capacity 40992K, committed 41088K, reserved 41344K
}
Event: 2852.447 GC heap before
{Heap before GC invocations=206 (full 8):
 def new generation   total 27840K, used 27840K [0x03c00000, 0x05a30000, 0x19150000)
  eden space 24768K, 100% used [0x03c00000, 0x05430000, 0x05430000)
  from space 3072K, 100% used [0x05730000, 0x05a30000, 0x05a30000)
  to   space 3072K,   0% used [0x05430000, 0x05430000, 0x05730000)
 tenured generation   total 61644K, used 59502K [0x19150000, 0x1cd83000, 0x43c00000)
   the space 61644K,  96% used [0x19150000, 0x1cb6b9a0, 0x1cb6ba00, 0x1cd83000)
 Metaspace       used 39351K, capacity 41009K, committed 41088K, reserved 41344K

