# JRE version: Java(TM) SE Runtime Environment (8.0_121-b13) (build 1.8.0_121-b13)
# Java VM: Java HotSpot(TM) Client VM (25.121-b13 mixed mode windows-x86 )
Heap:
 def new generation   total 32384K, used 3583K [0x03e00000, 0x06120000, 0x19350000)
  eden space 28800K,   0% used [0x03e00000, 0x03e00000, 0x05a20000)
  from space 3584K,  99% used [0x05a20000, 0x05d9ff58, 0x05da0000)
  to   space 3584K,   0% used [0x05da0000, 0x05da0000, 0x06120000)
 tenured generation   total 73752K, used 73720K [0x19350000, 0x1db56000, 0x43e00000)
   the space 73752K,  99% used [0x19350000, 0x1db4e328, 0x1db4e400, 0x1db56000)
 Metaspace       used 39165K, capacity 40571K, committed 40704K, reserved 41344K
GC Heap History (10 events):
Event: 2655.914 GC heap after
Heap after GC invocations=161 (full 9):
 def new generation   total 32384K, used 579K [0x03e00000, 0x06120000, 0x19350000)
  eden space 28800K,   0% used [0x03e00000, 0x03e00000, 0x05a20000)
  from space 3584K,  16% used [0x05da0000, 0x05e30ed0, 0x06120000)
  to   space 3584K,   0% used [0x05a20000, 0x05a20000, 0x05da0000)
 tenured generation   total 71740K, used 69238K [0x19350000, 0x1d95f000, 0x43e00000)
   the space 71740K,  96% used [0x19350000, 0x1d6edbe8, 0x1d6edc00, 0x1d95f000)
 Metaspace       used 39017K, capacity 40363K, committed 40576K, reserved 41344K
}
Event: 2655.956 GC heap before
{Heap before GC invocations=161 (full 9):
 def new generation   total 32384K, used 28793K [0x03e00000, 0x06120000, 0x19350000)
  eden space 28800K,  97% used [0x03e00000, 0x0598d770, 0x05a20000)
  from space 3584K,  16% used [0x05da0000, 0x05e30ed0, 0x06120000)
  to   space 3584K,   0% used [0x05a20000, 0x05a20000, 0x05da0000)
 tenured generation   total 71740K, used 69238K [0x19350000, 0x1d95f000, 0x43e00000)
   the space 71740K,  96% used [0x19350000, 0x1d6edbe8, 0x1d6edc00, 0x1d95f000)
 Metaspace       used 39017K, capacity 40363K, committed 40576K, reserved 41344K
Event: 2655.966 GC heap after
Heap after GC invocations=162 (full 9):
 def new generation   total 32384K, used 564K [0x03e00000, 0x06120000, 0x19350000)
  eden space 28800K,   0% used [0x03e00000, 0x03e00000, 0x05a20000)
  from space 3584K,  15% used [0x05a20000, 0x05aad0a0, 0x05da0000)
  to   space 3584K,   0% used [0x05da0000, 0x05da0000, 0x06120000)
 tenured generation   total 71740K, used 69238K [0x19350000, 0x1d95f000, 0x43e00000)
   the space 71740K,  96% used [0x19350000, 0x1d6edbe8, 0x1d6edc00, 0x1d95f000)
 Metaspace       used 39017K, capacity 40363K, committed 40576K, reserved 41344K
}
Event: 2659.861 GC heap before
{Heap before GC invocations=162 (full 9):
 def new generation   total 32384K, used 29364K [0x03e00000, 0x06120000, 0x19350000)
  eden space 28800K, 100% used [0x03e00000, 0x05a20000, 0x05a20000)
  from space 3584K,  15% used [0x05a20000, 0x05aad0a0, 0x05da0000)
  to   space 3584K,   0% used [0x05da0000, 0x05da0000, 0x06120000)
 tenured generation   total 71740K, used 69238K [0x19350000, 0x1d95f000, 0x43e00000)
   the space 71740K,  96% used [0x19350000, 0x1d6edbe8, 0x1d6edc00, 0x1d95f000)
 Metaspace       used 39077K, capacity 40425K, committed 40576K, reserved 41344K
Event: 2659.940 GC heap after
Heap after GC invocations=163 (full 9):
 def new generation   total 32384K, used 671K [0x03e00000, 0x06120000, 0x19350000)
  eden space 28800K,   0% used [0x03e00000, 0x03e00000, 0x05a20000)
  from space 3584K,  18% used [0x05da0000, 0x05e47fc0, 0x06120000)
  to   space 3584K,   0% used [0x05a20000, 0x05a20000, 0x05da0000)
 tenured generation   total 71740K, used 69238K [0x19350000, 0x1d95f000, 0x43e00000)
   the space 71740K,  96% used [0x19350000, 0x1d6edbe8, 0x1d6edc00, 0x1d95f000)
 Metaspace       used 39077K, capacity 40425K, committed 40576K, reserved 41344K
}
Event: 2666.225 GC heap before
{Heap before GC invocations=163 (full 9):
 def new generation   total 32384K, used 29471K [0x03e00000, 0x06120000, 0x19350000)
  eden space 28800K, 100% used [0x03e00000, 0x05a20000, 0x05a20000)
  from space 3584K,  18% used [0x05da0000, 0x05e47fc0, 0x06120000)
  to   space 3584K,   0% used [0x05a20000, 0x05a20000, 0x05da0000)
 tenured generation   total 71740K, used 69238K [0x19350000, 0x1d95f000, 0x43e00000)
   the space 71740K,  96% used [0x19350000, 0x1d6edbe8, 0x1d6edc00, 0x1d95f000)
 Metaspace       used 39116K, capacity 40504K, committed 40576K, reserved 41344K
Event: 2666.272 GC heap after
Heap after GC invocations=164 (full 9):
 def new generation   total 32384K, used 1564K [0x03e00000, 0x06120000, 0x19350000)
  eden space 28800K,   0% used [0x03e00000, 0x03e00000, 0x05a20000)
  from space 3584K,  43% used [0x05a20000, 0x05ba7000, 0x05da0000)
  to   space 3584K,   0% used [0x05da0000, 0x05da0000, 0x06120000)
 tenured generation   total 71740K, used 69238K [0x19350000, 0x1d95f000, 0x43e00000)
   the space 71740K,  96% used [0x19350000, 0x1d6edbe8, 0x1d6edc00, 0x1d95f000)
 Metaspace       used 39116K, capacity 40504K, committed 40576K, reserved 41344K
}
Event: 2700.974 GC heap before
{Heap before GC invocations=164 (full 9):
 def new generation   total 32384K, used 30576K [0x03e00000, 0x06120000, 0x19350000)
  eden space 28800K, 100% used [0x03e00000, 0x05a20000, 0x05a20000)
  from space 3584K,  49% used [0x05a20000, 0x05bdc300, 0x05da0000)
  to   space 3584K,   0% used [0x05da0000, 0x05da0000, 0x06120000)
 tenured generation   total 71740K, used 69238K [0x19350000, 0x1d95f000, 0x43e00000)
   the space 71740K,  96% used [0x19350000, 0x1d6edbe8, 0x1d6edc00, 0x1d95f000)
 Metaspace       used 39165K, capacity 40571K, committed 40704K, reserved 41344K
Event: 2701.081 GC heap after
Heap after GC invocations=165 (full 9):
 def new generation   total 32384K, used 3584K [0x03e00000, 0x06120000, 0x19350000)
  eden space 28800K,   0% used [0x03e00000, 0x03e00000, 0x05a20000)
  from space 3584K, 100% used [0x05da0000, 0x06120000, 0x06120000)
  to   space 3584K,   0% used [0x05a20000, 0x05a20000, 0x05da0000)
 tenured generation   total 71740K, used 69530K [0x19350000, 0x1d95f000, 0x43e00000)
   the space 71740K,  96% used [0x19350000, 0x1d736a50, 0x1d736c00, 0x1d95f000)
 Metaspace       used 39165K, capacity 40571K, committed 40704K, reserved 41344K
}
Event: 2701.687 GC heap before
{Heap before GC invocations=165 (full 9):
 def new generation   total 32384K, used 31595K [0x03e00000, 0x06120000, 0x19350000)
  eden space 28800K,  97% used [0x03e00000, 0x0595ac18, 0x05a20000)
  from space 3584K, 100% used [0x05da0000, 0x06120000, 0x06120000)
  to   space 3584K,   0% used [0x05a20000, 0x05a20000, 0x05da0000)
 tenured generation   total 71740K, used 69530K [0x19350000, 0x1d95f000, 0x43e00000)
   the space 71740K,  96% used [0x19350000, 0x1d736a50, 0x1d736c00, 0x1d95f000)
 Metaspace       used 39165K, capacity 40571K, committed 40704K, reserved 41344K

